2016-03-05 12:31:21.157 [error] <0.269.0> POST /push/registerToken/t [push_module] 404 19ms
2016-03-05 12:38:13.368 [error] <0.269.0> POST /gcm/registerToken/t [push_module] 404 92ms
2016-03-05 17:29:19.436 [error] <0.269.0> GET /sample/greeting [push_module] 404 154ms
2016-03-05 17:29:22.426 [error] <0.273.0> GET /gcm/greeting [push_module] 404 34ms
2016-03-05 17:29:59.029 [error] <0.278.0> GET /sample/greeting [push_module] 404 47ms
2016-03-05 17:31:11.617 [error] <0.282.0>@boss_web_controller:call_controller_action:319 Error in controller error:undef Stacktrace: [{gcm_api_client,send_gcm_message,["AIzaSyCfC4hL9fKKz6g4oEnrWb5pAYD4f3YQFb4",
                                 ["krL51NwkbcI:APA91bH_VU1KULrd6L6FlpIoGRTKyJMWIqvCM6u-OEeq2nEC_Tkei3iJUouLF9_G6gxe0KDjfhy7zNeYvf_HLjFc7vNSns0euN3EI9GeSrIg73IyClCsQifY_7CAcbgTLqlKtRPNH1Ok"],
                                 "Title","Body"],[]},{push_module_sample_controller,hello,3,[{file,"/home/pi/push_module/src/controller/push_module_sample_controller.erl"},{line,17}]},{boss_web_controller,call_controller_action,3,[{file,"src/boss/boss_web_controller.erl"},{line,316}]},{boss_web_controller,apply_action,4,[{file,"src/boss/boss_web_controller.erl"},{line,308}]},{boss_web_controller,execute_action_inner,9,[{file,"src/boss/boss_web_controller.erl"},{line,287}]},{boss_web_controller_handle_request,process_dynamic_request,5,[{file,"src/boss/boss_web_controller_handle_request.erl"},{line,250}]},{boss_web_controller_handle_request,process_request,5,[{file,"src/boss/boss_web_controller_handle_request.erl"},{line,236}]},{timer,tc,3,[{file,"timer.erl"},{line,194}]}]
2016-03-05 17:31:11.627 [error] <0.282.0> Error in controller, see console.log for details

2016-03-05 17:31:11.722 [error] <0.282.0> GET /sample/hello [push_module] 500 172ms
2016-03-05 17:33:18.348 [error] <0.287.0>@boss_web_controller:call_controller_action:319 Error in controller error:undef Stacktrace: [{gcm_api_client,send_gcm_message,["AIzaSyCfC4hL9fKKz6g4oEnrWb5pAYD4f3YQFb4",
                                 ["krL51NwkbcI:APA91bH_VU1KULrd6L6FlpIoGRTKyJMWIqvCM6u-OEeq2nEC_Tkei3iJUouLF9_G6gxe0KDjfhy7zNeYvf_HLjFc7vNSns0euN3EI9GeSrIg73IyClCsQifY_7CAcbgTLqlKtRPNH1Ok"],
                                 "Title","Body"],[]},{push_module_sample_controller,hello,3,[{file,"/home/pi/push_module/src/controller/push_module_sample_controller.erl"},{line,17}]},{boss_web_controller,call_controller_action,3,[{file,"src/boss/boss_web_controller.erl"},{line,316}]},{boss_web_controller,apply_action,4,[{file,"src/boss/boss_web_controller.erl"},{line,308}]},{boss_web_controller,execute_action_inner,9,[{file,"src/boss/boss_web_controller.erl"},{line,287}]},{boss_web_controller_handle_request,process_dynamic_request,5,[{file,"src/boss/boss_web_controller_handle_request.erl"},{line,250}]},{boss_web_controller_handle_request,process_request,5,[{file,"src/boss/boss_web_controller_handle_request.erl"},{line,236}]},{timer,tc,3,[{file,"timer.erl"},{line,194}]}]
2016-03-05 17:33:18.362 [error] <0.287.0> Error in controller, see console.log for details

2016-03-05 17:33:18.368 [error] <0.287.0> GET /sample/hello [push_module] 500 56ms
2016-03-05 17:34:03.021 [error] <0.291.0>@boss_web_controller:call_controller_action:319 Error in controller error:undef Stacktrace: [{gcm_api_client,send_gcm_message,["AIzaSyCfC4hL9fKKz6g4oEnrWb5pAYD4f3YQFb4",
                                 ["krL51NwkbcI:APA91bH_VU1KULrd6L6FlpIoGRTKyJMWIqvCM6u-OEeq2nEC_Tkei3iJUouLF9_G6gxe0KDjfhy7zNeYvf_HLjFc7vNSns0euN3EI9GeSrIg73IyClCsQifY_7CAcbgTLqlKtRPNH1Ok"],
                                 "Title","Body"],[]},{push_module_sample_controller,hello,3,[{file,"/home/pi/push_module/src/controller/push_module_sample_controller.erl"},{line,17}]},{boss_web_controller,call_controller_action,3,[{file,"src/boss/boss_web_controller.erl"},{line,316}]},{boss_web_controller,apply_action,4,[{file,"src/boss/boss_web_controller.erl"},{line,308}]},{boss_web_controller,execute_action_inner,9,[{file,"src/boss/boss_web_controller.erl"},{line,287}]},{boss_web_controller_handle_request,process_dynamic_request,5,[{file,"src/boss/boss_web_controller_handle_request.erl"},{line,250}]},{boss_web_controller_handle_request,process_request,5,[{file,"src/boss/boss_web_controller_handle_request.erl"},{line,236}]},{timer,tc,3,[{file,"timer.erl"},{line,194}]}]
2016-03-05 17:34:03.030 [error] <0.291.0> Error in controller, see console.log for details

2016-03-05 17:34:03.032 [error] <0.291.0> GET /sample/hello [push_module] 500 31ms
2016-03-05 17:38:24.054 [error] <0.298.0>@boss_web_controller:call_controller_action:319 Error in controller error:undef Stacktrace: [{gcm_api_client,send_gcm_message,["AIzaSyCfC4hL9fKKz6g4oEnrWb5pAYD4f3YQFb4",
                                 ["krL51NwkbcI:APA91bH_VU1KULrd6L6FlpIoGRTKyJMWIqvCM6u-OEeq2nEC_Tkei3iJUouLF9_G6gxe0KDjfhy7zNeYvf_HLjFc7vNSns0euN3EI9GeSrIg73IyClCsQifY_7CAcbgTLqlKtRPNH1Ok"],
                                 "Title","Body"],[]},{push_module_sample_controller,hello,3,[{file,"/home/pi/push_module/src/controller/push_module_sample_controller.erl"},{line,17}]},{boss_web_controller,call_controller_action,3,[{file,"src/boss/boss_web_controller.erl"},{line,316}]},{boss_web_controller,apply_action,4,[{file,"src/boss/boss_web_controller.erl"},{line,308}]},{boss_web_controller,execute_action_inner,9,[{file,"src/boss/boss_web_controller.erl"},{line,287}]},{boss_web_controller_handle_request,process_dynamic_request,5,[{file,"src/boss/boss_web_controller_handle_request.erl"},{line,250}]},{boss_web_controller_handle_request,process_request,5,[{file,"src/boss/boss_web_controller_handle_request.erl"},{line,236}]},{timer,tc,3,[{file,"timer.erl"},{line,194}]}]
2016-03-05 17:38:24.068 [error] <0.298.0> Error in controller, see console.log for details

2016-03-05 17:38:24.073 [error] <0.298.0> GET /sample/hello [push_module] 500 90ms
2016-03-05 17:39:13.610 [error] <0.269.0>@boss_web_controller:call_controller_action:319 Error in controller error:undef Stacktrace: [{gcm_api_client,send_gcm_message,["AIzaSyCfC4hL9fKKz6g4oEnrWb5pAYD4f3YQFb4",
                                 ["krL51NwkbcI:APA91bH_VU1KULrd6L6FlpIoGRTKyJMWIqvCM6u-OEeq2nEC_Tkei3iJUouLF9_G6gxe0KDjfhy7zNeYvf_HLjFc7vNSns0euN3EI9GeSrIg73IyClCsQifY_7CAcbgTLqlKtRPNH1Ok"],
                                 "Title","Body"],[]},{push_module_sample_controller,hello,3,[{file,"/home/pi/push_module/src/controller/push_module_sample_controller.erl"},{line,17}]},{boss_web_controller,call_controller_action,3,[{file,"src/boss/boss_web_controller.erl"},{line,316}]},{boss_web_controller,apply_action,4,[{file,"src/boss/boss_web_controller.erl"},{line,308}]},{boss_web_controller,execute_action_inner,9,[{file,"src/boss/boss_web_controller.erl"},{line,287}]},{boss_web_controller_handle_request,process_dynamic_request,5,[{file,"src/boss/boss_web_controller_handle_request.erl"},{line,250}]},{boss_web_controller_handle_request,process_request,5,[{file,"src/boss/boss_web_controller_handle_request.erl"},{line,236}]},{timer,tc,3,[{file,"timer.erl"},{line,194}]}]
2016-03-05 17:39:13.675 [error] <0.269.0> Error in controller, see console.log for details

2016-03-05 17:39:13.744 [error] <0.269.0> GET /sample/hello [push_module] 500 229ms
2016-03-06 10:25:25.226 [error] <0.269.0>@boss_web_controller:call_controller_action:319 Error in controller error:undef Stacktrace: [{gcm_api_client,send_gcm_message,["AIzaSyCfC4hL9fKKz6g4oEnrWb5pAYD4f3YQFb4",
                                 ["krL51NwkbcI:APA91bH_VU1KULrd6L6FlpIoGRTKyJMWIqvCM6u-OEeq2nEC_Tkei3iJUouLF9_G6gxe0KDjfhy7zNeYvf_HLjFc7vNSns0euN3EI9GeSrIg73IyClCsQifY_7CAcbgTLqlKtRPNH1Ok"],
                                 "Title","Body"],[]},{push_module_sample_controller,hello,3,[{file,"/home/pi/push_module/src/controller/push_module_sample_controller.erl"},{line,17}]},{boss_web_controller,call_controller_action,3,[{file,"src/boss/boss_web_controller.erl"},{line,316}]},{boss_web_controller,apply_action,4,[{file,"src/boss/boss_web_controller.erl"},{line,308}]},{boss_web_controller,execute_action_inner,9,[{file,"src/boss/boss_web_controller.erl"},{line,287}]},{boss_web_controller_handle_request,process_dynamic_request,5,[{file,"src/boss/boss_web_controller_handle_request.erl"},{line,250}]},{boss_web_controller_handle_request,process_request,5,[{file,"src/boss/boss_web_controller_handle_request.erl"},{line,236}]},{timer,tc,3,[{file,"timer.erl"},{line,194}]}]
2016-03-06 10:25:25.313 [error] <0.269.0> Error in controller, see console.log for details

2016-03-06 10:25:25.377 [error] <0.269.0> GET /sample/hello [push_module] 500 255ms
2016-03-06 10:27:46.612 [error] <0.274.0>@boss_web_controller:call_controller_action:319 Error in controller error:undef Stacktrace: [{gcm_api_client,send_gcm_message,["AIzaSyCfC4hL9fKKz6g4oEnrWb5pAYD4f3YQFb4",
                                 ["krL51NwkbcI:APA91bH_VU1KULrd6L6FlpIoGRTKyJMWIqvCM6u-OEeq2nEC_Tkei3iJUouLF9_G6gxe0KDjfhy7zNeYvf_HLjFc7vNSns0euN3EI9GeSrIg73IyClCsQifY_7CAcbgTLqlKtRPNH1Ok"],
                                 "Title","Body"],[]},{push_module_sample_controller,hello,3,[{file,"/home/pi/push_module/src/controller/push_module_sample_controller.erl"},{line,17}]},{boss_web_controller,call_controller_action,3,[{file,"src/boss/boss_web_controller.erl"},{line,316}]},{boss_web_controller,apply_action,4,[{file,"src/boss/boss_web_controller.erl"},{line,308}]},{boss_web_controller,execute_action_inner,9,[{file,"src/boss/boss_web_controller.erl"},{line,287}]},{boss_web_controller_handle_request,process_dynamic_request,5,[{file,"src/boss/boss_web_controller_handle_request.erl"},{line,250}]},{boss_web_controller_handle_request,process_request,5,[{file,"src/boss/boss_web_controller_handle_request.erl"},{line,236}]},{timer,tc,3,[{file,"timer.erl"},{line,194}]}]
2016-03-06 10:27:46.621 [error] <0.274.0> Error in controller, see console.log for details

2016-03-06 10:27:46.623 [error] <0.274.0> GET /sample/hello [push_module] 500 69ms
2016-03-06 10:29:19.265 [error] <0.279.0>@boss_web_controller:call_controller_action:319 Error in controller error:undef Stacktrace: [{gcm_api_client,send_gcm_message,["AIzaSyCfC4hL9fKKz6g4oEnrWb5pAYD4f3YQFb4",
                                 ["krL51NwkbcI:APA91bH_VU1KULrd6L6FlpIoGRTKyJMWIqvCM6u-OEeq2nEC_Tkei3iJUouLF9_G6gxe0KDjfhy7zNeYvf_HLjFc7vNSns0euN3EI9GeSrIg73IyClCsQifY_7CAcbgTLqlKtRPNH1Ok"],
                                 "Title","Body"],[]},{push_module_sample_controller,hello,3,[{file,"/home/pi/push_module/src/controller/push_module_sample_controller.erl"},{line,19}]},{boss_web_controller,call_controller_action,3,[{file,"src/boss/boss_web_controller.erl"},{line,316}]},{boss_web_controller,apply_action,4,[{file,"src/boss/boss_web_controller.erl"},{line,308}]},{boss_web_controller,execute_action_inner,9,[{file,"src/boss/boss_web_controller.erl"},{line,287}]},{boss_web_controller_handle_request,process_dynamic_request,5,[{file,"src/boss/boss_web_controller_handle_request.erl"},{line,250}]},{boss_web_controller_handle_request,process_request,5,[{file,"src/boss/boss_web_controller_handle_request.erl"},{line,236}]},{timer,tc,3,[{file,"timer.erl"},{line,194}]}]
2016-03-06 10:29:19.274 [error] <0.279.0> Error in controller, see console.log for details

2016-03-06 10:29:19.280 [error] <0.279.0> GET /sample/hello [push_module] 500 65ms
2016-03-06 10:29:51.258 [error] <0.284.0>@boss_web_controller:call_controller_action:319 Error in controller error:undef Stacktrace: [{gcm_api_client,send_gcm_message,["Az",
                                 ["krL51NwkbcI:APA91bH_VU1KULrd6L6FlpIoGRTKyJMWIqvCM6u-OEeq2nEC_Tkei3iJUouLF9_G6gxe0KDjfhy7zNeYvf_HLjFc7vNSns0euN3EI9GeSrIg73IyClCsQifY_7CAcbgTLqlKtRPNH1Ok"],
                                 "Title","Body"],[]},{push_module_sample_controller,hello,3,[{file,"/home/pi/push_module/src/controller/push_module_sample_controller.erl"},{line,20}]},{boss_web_controller,call_controller_action,3,[{file,"src/boss/boss_web_controller.erl"},{line,316}]},{boss_web_controller,apply_action,4,[{file,"src/boss/boss_web_controller.erl"},{line,308}]},{boss_web_controller,execute_action_inner,9,[{file,"src/boss/boss_web_controller.erl"},{line,287}]},{boss_web_controller_handle_request,process_dynamic_request,5,[{file,"src/boss/boss_web_controller_handle_request.erl"},{line,250}]},{boss_web_controller_handle_request,process_request,5,[{file,"src/boss/boss_web_controller_handle_request.erl"},{line,236}]},{timer,tc,3,[{file,"timer.erl"},{line,194}]}]
2016-03-06 10:29:51.268 [error] <0.284.0> Error in controller, see console.log for details

2016-03-06 10:29:51.270 [error] <0.284.0> GET /sample/hello [push_module] 500 60ms
2016-03-06 10:30:15.987 [error] <0.289.0>@boss_web_controller:call_controller_action:319 Error in controller error:undef Stacktrace: [{gcm_api_client,send_gcm_message,["Az",["Mag"],"Title","Body"],[]},{push_module_sample_controller,hello,3,[{file,"/home/pi/push_module/src/controller/push_module_sample_controller.erl"},{line,21}]},{boss_web_controller,call_controller_action,3,[{file,"src/boss/boss_web_controller.erl"},{line,316}]},{boss_web_controller,apply_action,4,[{file,"src/boss/boss_web_controller.erl"},{line,308}]},{boss_web_controller,execute_action_inner,9,[{file,"src/boss/boss_web_controller.erl"},{line,287}]},{boss_web_controller_handle_request,process_dynamic_request,5,[{file,"src/boss/boss_web_controller_handle_request.erl"},{line,250}]},{boss_web_controller_handle_request,process_request,5,[{file,"src/boss/boss_web_controller_handle_request.erl"},{line,236}]},{timer,tc,3,[{file,"timer.erl"},{line,194}]}]
2016-03-06 10:30:15.996 [error] <0.289.0> Error in controller, see console.log for details

2016-03-06 10:30:15.999 [error] <0.289.0> GET /sample/hello [push_module] 500 61ms
2016-03-06 10:33:19.702 [error] <0.299.0>@boss_web_controller:call_controller_action:319 Error in controller error:undef Stacktrace: [{gcm_api_client,send_gcm_message,[[],[],[],[]],[]},{push_module_sample_controller,hello,3,[{file,"/home/pi/push_module/src/controller/push_module_sample_controller.erl"},{line,21}]},{boss_web_controller,call_controller_action,3,[{file,"src/boss/boss_web_controller.erl"},{line,316}]},{boss_web_controller,apply_action,4,[{file,"src/boss/boss_web_controller.erl"},{line,308}]},{boss_web_controller,execute_action_inner,9,[{file,"src/boss/boss_web_controller.erl"},{line,287}]},{boss_web_controller_handle_request,process_dynamic_request,5,[{file,"src/boss/boss_web_controller_handle_request.erl"},{line,250}]},{boss_web_controller_handle_request,process_request,5,[{file,"src/boss/boss_web_controller_handle_request.erl"},{line,236}]},{timer,tc,3,[{file,"timer.erl"},{line,194}]}]
2016-03-06 10:33:19.711 [error] <0.299.0> Error in controller, see console.log for details

2016-03-06 10:33:19.713 [error] <0.299.0> GET /sample/hello [push_module] 500 61ms
2016-03-06 10:41:08.816 [error] <0.305.0>@boss_load:compile_and_accumulate_errors:258 Compile Error, "src/lib/gcm_api_client.erl" -> [{"/home/pi/push_module/src/lib/gcm_api_client.erl",[{12,erl_parse,["syntax error before: ",["Body"]]}]}]
2016-03-06 10:41:40.179 [error] <0.308.0>@boss_web_controller:call_controller_action:319 Error in controller error:undef Stacktrace: [{gcm_api_client,send_gcm_message,[[],[],[],[]],[]},{push_module_sample_controller,hello,3,[{file,"/home/pi/push_module/src/controller/push_module_sample_controller.erl"},{line,21}]},{boss_web_controller,call_controller_action,3,[{file,"src/boss/boss_web_controller.erl"},{line,316}]},{boss_web_controller,apply_action,4,[{file,"src/boss/boss_web_controller.erl"},{line,308}]},{boss_web_controller,execute_action_inner,9,[{file,"src/boss/boss_web_controller.erl"},{line,287}]},{boss_web_controller_handle_request,process_dynamic_request,5,[{file,"src/boss/boss_web_controller_handle_request.erl"},{line,250}]},{boss_web_controller_handle_request,process_request,5,[{file,"src/boss/boss_web_controller_handle_request.erl"},{line,236}]},{timer,tc,3,[{file,"timer.erl"},{line,194}]}]
2016-03-06 10:41:40.187 [error] <0.308.0> Error in controller, see console.log for details

2016-03-06 10:41:40.190 [error] <0.308.0> GET /sample/hello [push_module] 500 60ms
2016-03-06 10:43:32.711 [error] <0.313.0>@boss_web_controller:call_controller_action:319 Error in controller error:undef Stacktrace: [{gcm_api_client,send_gcm_message,[t,b,a,d],[]},{push_module_sample_controller,hello,3,[{file,"/home/pi/push_module/src/controller/push_module_sample_controller.erl"},{line,21}]},{boss_web_controller,call_controller_action,3,[{file,"src/boss/boss_web_controller.erl"},{line,316}]},{boss_web_controller,apply_action,4,[{file,"src/boss/boss_web_controller.erl"},{line,308}]},{boss_web_controller,execute_action_inner,9,[{file,"src/boss/boss_web_controller.erl"},{line,287}]},{boss_web_controller_handle_request,process_dynamic_request,5,[{file,"src/boss/boss_web_controller_handle_request.erl"},{line,250}]},{boss_web_controller_handle_request,process_request,5,[{file,"src/boss/boss_web_controller_handle_request.erl"},{line,236}]},{timer,tc,3,[{file,"timer.erl"},{line,194}]}]
2016-03-06 10:43:32.720 [error] <0.313.0> Error in controller, see console.log for details

2016-03-06 10:43:32.723 [error] <0.313.0> GET /sample/hello [push_module] 500 81ms
2016-03-06 10:50:45.728 [error] <0.273.0>@boss_web_controller:call_controller_action:319 Error in controller error:undef Stacktrace: [{gcm_api_client,send_gcm_message,[t,b,a,d],[]},{push_module_sample_controller,hello,3,[{file,"/home/pi/push_module/src/controller/push_module_sample_controller.erl"},{line,21}]},{boss_web_controller,call_controller_action,3,[{file,"src/boss/boss_web_controller.erl"},{line,316}]},{boss_web_controller,apply_action,4,[{file,"src/boss/boss_web_controller.erl"},{line,308}]},{boss_web_controller,execute_action_inner,9,[{file,"src/boss/boss_web_controller.erl"},{line,287}]},{boss_web_controller_handle_request,process_dynamic_request,5,[{file,"src/boss/boss_web_controller_handle_request.erl"},{line,250}]},{boss_web_controller_handle_request,process_request,5,[{file,"src/boss/boss_web_controller_handle_request.erl"},{line,236}]},{timer,tc,3,[{file,"timer.erl"},{line,194}]}]
2016-03-06 10:50:45.772 [error] <0.273.0> Error in controller, see console.log for details

2016-03-06 10:50:45.821 [error] <0.273.0> GET /sample/hello [push_module] 500 171ms
2016-03-06 13:06:15.207 [error] <0.2.0>@boss_load:compile_and_accumulate_errors:258 Compile Error, "src/controller/push_module_sample_controller.erl" -> [{"/home/pi/push_module/src/controller/push_module_sample_controller.erl",[{19,erl_parse,["syntax error before: ","gcm_api_client"]}]}]
2016-03-06 13:06:15.237 [error] <0.2.0>@boss_load:make_all_modules:88 Load Module Error controller_modules : [[{"/home/pi/push_module/src/controller/push_module_sample_controller.erl",[{19,erl_parse,["syntax error before: ","gcm_api_client"]}]}]]
2016-03-06 13:06:16.493 [error] <0.2.0>@boss_load:compile_and_accumulate_errors:258 Compile Error, "src/controller/push_module_sample_controller.erl" -> [{"/home/pi/push_module/src/controller/push_module_sample_controller.erl",[{19,erl_parse,["syntax error before: ","gcm_api_client"]}]}]
2016-03-06 13:06:16.494 [error] <0.2.0>@boss_load:make_all_modules:88 Load Module Error controller_modules : [[{"/home/pi/push_module/src/controller/push_module_sample_controller.erl",[{19,erl_parse,["syntax error before: ","gcm_api_client"]}]}]]
2016-03-06 13:06:26.713 [error] <0.95.0>@boss_load:compile_and_accumulate_errors:258 Compile Error, "src/controller/push_module_sample_controller.erl" -> [{"/home/pi/push_module/src/controller/push_module_sample_controller.erl",[{19,erl_parse,["syntax error before: ","gcm_api_client"]}]}]
2016-03-06 13:06:26.717 [error] <0.95.0>@boss_load:make_all_modules:88 Load Module Error controller_modules : [[{"/home/pi/push_module/src/controller/push_module_sample_controller.erl",[{19,erl_parse,["syntax error before: ","gcm_api_client"]}]}]]
2016-03-06 13:15:16.399 [error] <0.95.0>@boss_load:compile_and_accumulate_errors:258 Compile Error, "src/controller/push_module_sample_controller.erl" -> [{"/home/pi/push_module/src/controller/push_module_sample_controller.erl",[{19,erl_parse,["syntax error before: ","gcm_api_client"]}]}]
2016-03-06 13:15:16.403 [error] <0.95.0>@boss_load:make_all_modules:88 Load Module Error controller_modules : [[{"/home/pi/push_module/src/controller/push_module_sample_controller.erl",[{19,erl_parse,["syntax error before: ","gcm_api_client"]}]}]]
